Determining if the pthread_create exist failed with the following output:
Change Dir: /media/marouen/DataDisk/Work_projects/CppProjects/SFND_Lidar_Obstacle_Detection/src/quiz/cluster/build/CMakeFiles/CMakeTmp

Run Build Command:"/usr/bin/make" "cmTC_61f11/fast"
/usr/bin/make -f CMakeFiles/cmTC_61f11.dir/build.make CMakeFiles/cmTC_61f11.dir/build
make[1]: Entering directory '/media/marouen/DataDisk/Work_projects/CppProjects/SFND_Lidar_Obstacle_Detection/src/quiz/cluster/build/CMakeFiles/CMakeTmp'
Building C object CMakeFiles/cmTC_61f11.dir/CheckSymbolExists.c.o
/usr/bin/cc     -o CMakeFiles/cmTC_61f11.dir/CheckSymbolExists.c.o   -c /media/marouen/DataDisk/Work_projects/CppProjects/SFND_Lidar_Obstacle_Detection/src/quiz/cluster/build/CMakeFiles/CMakeTmp/CheckSymbolExists.c
Linking C executable cmTC_61f11
/usr/bin/cmake -E cmake_link_script CMakeFiles/cmTC_61f11.dir/link.txt --verbose=1
/usr/bin/cc       CMakeFiles/cmTC_61f11.dir/CheckSymbolExists.c.o  -o cmTC_61f11 -rdynamic 
CMakeFiles/cmTC_61f11.dir/CheckSymbolExists.c.o: In function `main':
CheckSymbolExists.c:(.text+0x16): undefined reference to `pthread_create'
collect2: error: ld returned 1 exit status
CMakeFiles/cmTC_61f11.dir/build.make:97: recipe for target 'cmTC_61f11' failed
make[1]: *** [cmTC_61f11] Error 1
make[1]: Leaving directory '/media/marouen/DataDisk/Work_projects/CppProjects/SFND_Lidar_Obstacle_Detection/src/quiz/cluster/build/CMakeFiles/CMakeTmp'
Makefile:126: recipe for target 'cmTC_61f11/fast' failed
make: *** [cmTC_61f11/fast] Error 2

File /media/marouen/DataDisk/Work_projects/CppProjects/SFND_Lidar_Obstacle_Detection/src/quiz/cluster/build/CMakeFiles/CMakeTmp/CheckSymbolExists.c:
/* */
#include <pthread.h>

int main(int argc, char** argv)
{
  (void)argv;
#ifndef pthread_create
  return ((int*)(&pthread_create))[argc];
#else
  (void)argc;
  return 0;
#endif
}

Determining if the function pthread_create exists in the pthreads failed with the following output:
Change Dir: /media/marouen/DataDisk/Work_projects/CppProjects/SFND_Lidar_Obstacle_Detection/src/quiz/cluster/build/CMakeFiles/CMakeTmp

Run Build Command:"/usr/bin/make" "cmTC_46b7b/fast"
/usr/bin/make -f CMakeFiles/cmTC_46b7b.dir/build.make CMakeFiles/cmTC_46b7b.dir/build
make[1]: Entering directory '/media/marouen/DataDisk/Work_projects/CppProjects/SFND_Lidar_Obstacle_Detection/src/quiz/cluster/build/CMakeFiles/CMakeTmp'
Building C object CMakeFiles/cmTC_46b7b.dir/CheckFunctionExists.c.o
/usr/bin/cc    -DCHECK_FUNCTION_EXISTS=pthread_create   -o CMakeFiles/cmTC_46b7b.dir/CheckFunctionExists.c.o   -c /usr/share/cmake-3.5/Modules/CheckFunctionExists.c
Linking C executable cmTC_46b7b
/usr/bin/cmake -E cmake_link_script CMakeFiles/cmTC_46b7b.dir/link.txt --verbose=1
/usr/bin/cc   -DCHECK_FUNCTION_EXISTS=pthread_create    CMakeFiles/cmTC_46b7b.dir/CheckFunctionExists.c.o  -o cmTC_46b7b -rdynamic -lpthreads 
/usr/bin/ld: cannot find -lpthreads
collect2: error: ld returned 1 exit status
CMakeFiles/cmTC_46b7b.dir/build.make:97: recipe for target 'cmTC_46b7b' failed
make[1]: *** [cmTC_46b7b] Error 1
make[1]: Leaving directory '/media/marouen/DataDisk/Work_projects/CppProjects/SFND_Lidar_Obstacle_Detection/src/quiz/cluster/build/CMakeFiles/CMakeTmp'
Makefile:126: recipe for target 'cmTC_46b7b/fast' failed
make: *** [cmTC_46b7b/fast] Error 2


